<?xml version="1.0" encoding="UTF-8"?>
<!-- Generated by org.testng.reporters.JUnitReportReporter -->
<testsuite hostname="DESKTOP-5O9DG6D" failures="0" tests="1" name="testcase.Testcasedemo2" time="8.839" errors="0" timestamp="2022-01-07T22:48:52 IST" skipped="0">
  <testcase classname="testcase.Testcasedemo2" name="Chrometest" time="8.839"/>
  <system-out/>
</testsuite> <!-- testcase.Testcasedemo2 -->
