<?xml version="1.0" encoding="UTF-8"?>
<!-- Generated by org.testng.reporters.JUnitReportReporter -->
<testsuite hostname="DESKTOP-5O9DG6D" failures="0" tests="1" name="TestNG.xcellfiledataread" time="1.196" errors="0" timestamp="2021-12-24T10:28:45 IST" skipped="0">
  <testcase classname="TestNG.xcellfiledataread" name="dataread" time="1.196"/>
  <system-out/>
</testsuite> <!-- TestNG.xcellfiledataread -->
