<?xml version="1.0" encoding="UTF-8"?>
<!-- Generated by org.testng.reporters.JUnitReportReporter -->
<testsuite hostname="DESKTOP-5O9DG6D" failures="0" tests="2" name="TestNG.Annotationdemo_4" time="0.012" errors="0" timestamp="2022-05-08T10:16:58 IST" skipped="0">
  <testcase classname="TestNG.Annotationdemo_4" name="Login" time="0.009"/>
  <system-out/>
  <testcase classname="TestNG.Annotationdemo_4" name="createanaccount" time="0.003"/>
  <system-out/>
</testsuite> <!-- TestNG.Annotationdemo_4 -->
