<?xml version="1.0" encoding="UTF-8"?>
<!-- Generated by org.testng.reporters.JUnitReportReporter -->
<testsuite hostname="DESKTOP-5O9DG6D" failures="0" tests="1" name="TestNG.Datapassingthroghxml" time="0.015" errors="0" timestamp="2022-01-05T19:33:38 IST" skipped="0">
  <testcase classname="TestNG.Datapassingthroghxml" name="Testdata" time="0.015"/>
  <system-out/>
</testsuite> <!-- TestNG.Datapassingthroghxml -->
