<?xml version="1.0" encoding="UTF-8"?>
<!-- Generated by org.testng.reporters.JUnitReportReporter -->
<testsuite hostname="DESKTOP-5O9DG6D" failures="0" tests="3" name="TestNG.Test_prority_demo1" time="0.020" errors="0" timestamp="2022-05-07T20:30:40 IST" skipped="0">
  <testcase classname="TestNG.Test_prority_demo1" name="one" time="0.011"/>
  <system-out/>
  <testcase classname="TestNG.Test_prority_demo1" name="two" time="0.002"/>
  <system-out/>
  <testcase classname="TestNG.Test_prority_demo1" name="three" time="0.007"/>
  <system-out/>
</testsuite> <!-- TestNG.Test_prority_demo1 -->
