<?xml version="1.0" encoding="UTF-8"?>
<!-- Generated by org.testng.reporters.JUnitReportReporter -->
<testsuite hostname="DESKTOP-5O9DG6D" failures="0" tests="1" name="TestNG.Screenshotdemo" time="31.372" errors="0" timestamp="2021-12-24T12:18:14 IST" skipped="0">
  <testcase classname="TestNG.Screenshotdemo" name="Capture" time="31.372"/>
  <system-out/>
</testsuite> <!-- TestNG.Screenshotdemo -->
