<?xml version="1.0" encoding="UTF-8"?>
<!-- Generated by org.testng.reporters.JUnitReportReporter -->
<testsuite hostname="DESKTOP-5O9DG6D" failures="0" tests="4" name="TestNG.Test_priority_demo3" time="0.023" errors="0" timestamp="2022-01-04T19:43:56 IST" skipped="0">
  <testcase classname="TestNG.Test_priority_demo3" name="one" time="0.017"/>
  <system-out/>
  <testcase classname="TestNG.Test_priority_demo3" name="two" time="0.002"/>
  <system-out/>
  <testcase classname="TestNG.Test_priority_demo3" name="two" time="0.003"/>
  <system-out/>
  <testcase classname="TestNG.Test_priority_demo3" name="three" time="0.001"/>
  <system-out/>
</testsuite> <!-- TestNG.Test_priority_demo3 -->
