<?xml version="1.0" encoding="UTF-8"?>
<!-- Generated by org.testng.reporters.JUnitReportReporter -->
<testsuite hostname="DESKTOP-5O9DG6D" failures="0" tests="1" name="TestNG.Orrhrmdatapassing_through_XML" time="15.567" errors="0" timestamp="2022-05-08T11:54:48 IST" skipped="0">
  <testcase classname="TestNG.Orrhrmdatapassing_through_XML" name="Orangehrm" time="15.567"/>
  <system-out/>
</testsuite> <!-- TestNG.Orrhrmdatapassing_through_XML -->
