<?xml version="1.0" encoding="UTF-8"?>
<!-- Generated by org.testng.reporters.JUnitReportReporter -->
<testsuite hostname="DESKTOP-5O9DG6D" failures="0" tests="1" name="TestNG.NewTestDemo2" time="6.817" errors="0" timestamp="2022-05-07T20:23:54 IST" skipped="0">
  <testcase classname="TestNG.NewTestDemo2" name="Chromecast" time="6.817"/>
  <system-out/>
</testsuite> <!-- TestNG.NewTestDemo2 -->
