<?xml version="1.0" encoding="UTF-8"?>
<!-- Generated by org.testng.reporters.JUnitReportReporter -->
<testsuite hostname="DESKTOP-5O9DG6D" failures="0" tests="2" name="TestNG.Annotationdemo" time="0.021" errors="0" timestamp="2022-01-04T20:00:39 IST" skipped="0">
  <testcase classname="TestNG.Annotationdemo" name="createanaccount" time="0.012"/>
  <system-out/>
  <testcase classname="TestNG.Annotationdemo" name="Login" time="0.009"/>
  <system-out/>
</testsuite> <!-- TestNG.Annotationdemo -->
