<?xml version="1.0" encoding="UTF-8"?>
<!-- Generated by org.testng.reporters.JUnitReportReporter -->
<testsuite hostname="DESKTOP-5O9DG6D" failures="0" tests="1" name="TestNG.Orrangehrmdatapassing" time="32.862" errors="0" timestamp="2021-12-23T17:42:14 IST" skipped="0">
  <testcase classname="TestNG.Orrangehrmdatapassing" name="orrangehrm" time="32.862"/>
  <system-out/>
</testsuite> <!-- TestNG.Orrangehrmdatapassing -->
