<?xml version="1.0" encoding="UTF-8"?>
<!-- Generated by org.testng.reporters.JUnitReportReporter -->
<testsuite hostname="DESKTOP-5O9DG6D" failures="0" tests="4" name="TestNG.Datadriventest" time="0.015" errors="0" timestamp="2021-12-24T11:01:12 IST" skipped="1">
  <testcase classname="TestNG.Datadriventest" name="f" time="0.003"/>
  <system-out/>
  <testcase classname="TestNG.Datadriventest" name="f" time="0.010"/>
  <system-out/>
  <testcase classname="TestNG.Datadriventest" name="f" time="0.002"/>
  <system-out/>
  <testcase classname="TestNG.Datadriventest" name="f2">
    <skipped/>
  </testcase> <!-- f2 -->
  <system-out/>
</testsuite> <!-- TestNG.Datadriventest -->
