<?xml version="1.0" encoding="UTF-8"?>
<!-- Generated by org.testng.reporters.JUnitReportReporter -->
<testsuite hostname="DESKTOP-5O9DG6D" failures="0" tests="2" name="testcase.NewTest1" time="0.014" errors="0" timestamp="2022-05-09T18:51:22 IST" skipped="0">
  <testcase classname="testcase.NewTest1" name="Testcase1" time="0.013"/>
  <system-out/>
  <testcase classname="testcase.NewTest1" name="Testcase2" time="0.001"/>
  <system-out/>
</testsuite> <!-- testcase.NewTest1 -->
