<?xml version="1.0" encoding="UTF-8"?>
<!-- Generated by org.testng.reporters.JUnitReportReporter -->
<testsuite hostname="DESKTOP-5O9DG6D" failures="0" tests="1" name="testcase.Testcasedemo2" time="112.936" errors="0" timestamp="2022-05-09T18:54:17 IST" skipped="0">
  <testcase classname="testcase.Testcasedemo2" name="Chrometest" time="112.936"/>
  <system-out/>
</testsuite> <!-- testcase.Testcasedemo2 -->
